Added Component: Designator=C1(CAP-0603)
Add component. Clean all parameters for all variants
Add component (AddParameter): Name = "Component Type"; Value = "Ceramic Capacitor"; VariantName = "[No Variations]"
Add component (AddParameter): Name = "Man Code"; Value = "CGA3E2X7R1H104K080AA"; VariantName = "[No Variations]"
Add component (AddParameter): Name = "Manufacturer"; Value = "TDK"; VariantName = "[No Variations]"
Add component (AddParameter): Name = "Temperature Coefficient"; Value = "X7R"; VariantName = "[No Variations]"
Add component (AddParameter): Name = "Tolerance"; Value = "%10"; VariantName = "[No Variations]"
Add component (AddParameter): Name = "Value"; Value = "100nF"; VariantName = "[No Variations]"
Add component (AddParameter): Name = "Voltage"; Value = "50V"; VariantName = "[No Variations]"
Added Component: Designator=C2(KEMET_CAP_TAN-B)
Add component. Clean all parameters for all variants
Add component (AddParameter): Name = "Capacitance"; Value = "4.7 µF"; VariantName = "[No Variations]"
Add component (AddParameter): Name = "Digikey Link"; Value = "https://www.digikey.com/en/products/detail/kemet/T491B475K016AT/818582"; VariantName = "[No Variations]"
Add component (AddParameter): Name = "ESR (Equivalent Series Resistance)"; Value = "3.5 Ohm"; VariantName = "[No Variations]"
Add component (AddParameter): Name = "Failure Rate"; Value = "-"; VariantName = "[No Variations]"
Add component (AddParameter): Name = "Farnell TR Link"; Value = "https://tr.farnell.com/kemet/t491b475k016at/cap-4-7-f-16v-10-smd/dp/1457453?st=t491b475k016at"; VariantName = "[No Variations]"
Add component (AddParameter): Name = "Features"; Value = "General Purpose"; VariantName = "[No Variations]"
Add component (AddParameter): Name = "Height - Seated (Max)"; Value = "0.083" (2.10mm)"; VariantName = "[No Variations]"
Add component (AddParameter): Name = "Lead Spacing"; Value = "-"; VariantName = "[No Variations]"
Add component (AddParameter): Name = "Lifetime @ Temp."; Value = "2000 Hrs @ 125°C"; VariantName = "[No Variations]"
Add component (AddParameter): Name = "Manufacturer"; Value = "KEMET"; VariantName = "[No Variations]"
Add component (AddParameter): Name = "Manufacturer Size Code"; Value = "B"; VariantName = "[No Variations]"
Add component (AddParameter): Name = "Mounting Type"; Value = "Surface Mount"; VariantName = "[No Variations]"
Add component (AddParameter): Name = "Mouser Link"; Value = "https://www.mouser.com.tr/ProductDetail/KEMET/T491B475K016AT?qs=pWsseJt92L15yATvg%252BRzxw%3D%3D"; VariantName = "[No Variations]"
Add component (AddParameter): Name = "Operating Temperature"; Value = "-55°C ~ 125°C"; VariantName = "[No Variations]"
Add component (AddParameter): Name = "Ozdisan Link"; Value = "https://ozdisan.com/pasif-komponentler/kondansatorler/tantal-kondansatorler/T491B475K016AT"; VariantName = "[No Variations]"
Add component (AddParameter): Name = "Package"; Value = "Tape & Reel (TR)"; VariantName = "[No Variations]"
Add component (AddParameter): Name = "Package / Case"; Value = "1411 (3528 Metric)"; VariantName = "[No Variations]"
Add component (AddParameter): Name = "Ratings"; Value = "-"; VariantName = "[No Variations]"
Add component (AddParameter): Name = "Series"; Value = "T491"; VariantName = "[No Variations]"
Add component (AddParameter): Name = "Size / Dimension"; Value = "0.138" L x 0.110" W (3.50mm x 2.80mm)"; VariantName = "[No Variations]"
Add component (AddParameter): Name = "Tolerance"; Value = "±10%"; VariantName = "[No Variations]"
Add component (AddParameter): Name = "Type"; Value = "Molded"; VariantName = "[No Variations]"
Add component (AddParameter): Name = "Voltage - Rated"; Value = "16 V"; VariantName = "[No Variations]"
Added Component: Designator=C3(CAP-0603)
Add component. Clean all parameters for all variants
Add component (AddParameter): Name = "Component Type"; Value = "Ceramic Capacitor"; VariantName = "[No Variations]"
Add component (AddParameter): Name = "Man Code"; Value = "CGA3E2X7R1H104K080AA"; VariantName = "[No Variations]"
Add component (AddParameter): Name = "Manufacturer"; Value = "TDK"; VariantName = "[No Variations]"
Add component (AddParameter): Name = "Temperature Coefficient"; Value = "X7R"; VariantName = "[No Variations]"
Add component (AddParameter): Name = "Tolerance"; Value = "%10"; VariantName = "[No Variations]"
Add component (AddParameter): Name = "Value"; Value = "100nF"; VariantName = "[No Variations]"
Add component (AddParameter): Name = "Voltage"; Value = "50V"; VariantName = "[No Variations]"
Added Component: Designator=C4(CAP-0603)
Add component. Clean all parameters for all variants
Add component (AddParameter): Name = "Component Type"; Value = "Ceramic Capacitor"; VariantName = "[No Variations]"
Add component (AddParameter): Name = "Man Code"; Value = "CGA3E2X7R1H104K080AA"; VariantName = "[No Variations]"
Add component (AddParameter): Name = "Manufacturer"; Value = "TDK"; VariantName = "[No Variations]"
Add component (AddParameter): Name = "Temperature Coefficient"; Value = "X7R"; VariantName = "[No Variations]"
Add component (AddParameter): Name = "Tolerance"; Value = "%10"; VariantName = "[No Variations]"
Add component (AddParameter): Name = "Value"; Value = "100nF"; VariantName = "[No Variations]"
Add component (AddParameter): Name = "Voltage"; Value = "50V"; VariantName = "[No Variations]"
Added Component: Designator=C5(CAP-0805)
Add component. Clean all parameters for all variants
Add component (AddParameter): Name = "Component Type"; Value = "Ceramic Capacitor"; VariantName = "[No Variations]"
Add component (AddParameter): Name = "Man Code"; Value = "CL21C220JBANNNC"; VariantName = "[No Variations]"
Add component (AddParameter): Name = "Manufacturer"; Value = "Samsung Electro-Mechanics"; VariantName = "[No Variations]"
Add component (AddParameter): Name = "Temperature Coefficient"; Value = "C0G"; VariantName = "[No Variations]"
Add component (AddParameter): Name = "Tolerance"; Value = "%5"; VariantName = "[No Variations]"
Add component (AddParameter): Name = "Value"; Value = "22pF"; VariantName = "[No Variations]"
Add component (AddParameter): Name = "Voltage"; Value = "50V"; VariantName = "[No Variations]"
Added Component: Designator=C7(CAP-0805)
Add component. Clean all parameters for all variants
Add component (AddParameter): Name = "Component Type"; Value = "Ceramic Capacitor"; VariantName = "[No Variations]"
Add component (AddParameter): Name = "Man Code"; Value = "CL21C220JBANNNC"; VariantName = "[No Variations]"
Add component (AddParameter): Name = "Manufacturer"; Value = "Samsung Electro-Mechanics"; VariantName = "[No Variations]"
Add component (AddParameter): Name = "Temperature Coefficient"; Value = "C0G"; VariantName = "[No Variations]"
Add component (AddParameter): Name = "Tolerance"; Value = "%5"; VariantName = "[No Variations]"
Add component (AddParameter): Name = "Value"; Value = "22pF"; VariantName = "[No Variations]"
Add component (AddParameter): Name = "Voltage"; Value = "50V"; VariantName = "[No Variations]"
Added Component: Designator=C8(KEMET_CAP_TAN-B)
Add component. Clean all parameters for all variants
Add component (AddParameter): Name = "Capacitance"; Value = "1 µF"; VariantName = "[No Variations]"
Add component (AddParameter): Name = "Digikey Link"; Value = "https://www.digikey.com/en/products/detail/kemet/T491B105K025AT/3724810"; VariantName = "[No Variations]"
Add component (AddParameter): Name = "ESR (Equivalent Series Resistance)"; Value = "5 Ohm"; VariantName = "[No Variations]"
Add component (AddParameter): Name = "Failure Rate"; Value = "-"; VariantName = "[No Variations]"
Add component (AddParameter): Name = "Farnell TR Link"; Value = "https://tr.farnell.com/kemet/t491b105k025at/cap-1-f-25v-10/dp/2321211?st=t491b105k025at"; VariantName = "[No Variations]"
Add component (AddParameter): Name = "Features"; Value = "General Purpose"; VariantName = "[No Variations]"
Add component (AddParameter): Name = "Height - Seated (Max)"; Value = "0.083" (2.10mm)"; VariantName = "[No Variations]"
Add component (AddParameter): Name = "Lead Spacing"; Value = "-"; VariantName = "[No Variations]"
Add component (AddParameter): Name = "Lifetime @ Temp."; Value = "2000 Hrs @ 125°C"; VariantName = "[No Variations]"
Add component (AddParameter): Name = "Manufacturer"; Value = "KEMET"; VariantName = "[No Variations]"
Add component (AddParameter): Name = "Manufacturer Size Code"; Value = "B"; VariantName = "[No Variations]"
Add component (AddParameter): Name = "Mounting Type"; Value = "Surface Mount"; VariantName = "[No Variations]"
Add component (AddParameter): Name = "Mouser Link"; Value = "https://www.mouser.com.tr/ProductDetail/KEMET/T491B105K025AT?qs=MSnLt6VizIVP1rbCgJ%252B8hw%3D%3D"; VariantName = "[No Variations]"
Add component (AddParameter): Name = "Operating Temperature"; Value = "-55°C ~ 125°C"; VariantName = "[No Variations]"
Add component (AddParameter): Name = "Ozdisan Link"; Value = "https://ozdisan.com/pasif-komponentler/kondansatorler/tantal-kondansatorler/T491B105K025AT"; VariantName = "[No Variations]"
Add component (AddParameter): Name = "Package"; Value = "Tape & Reel (TR)"; VariantName = "[No Variations]"
Add component (AddParameter): Name = "Package / Case"; Value = "1411 (3528 Metric)"; VariantName = "[No Variations]"
Add component (AddParameter): Name = "Ratings"; Value = "-"; VariantName = "[No Variations]"
Add component (AddParameter): Name = "Series"; Value = "T491"; VariantName = "[No Variations]"
Add component (AddParameter): Name = "Size / Dimension"; Value = "0.138" L x 0.110" W (3.50mm x 2.80mm)"; VariantName = "[No Variations]"
Add component (AddParameter): Name = "Tolerance"; Value = "±10%"; VariantName = "[No Variations]"
Add component (AddParameter): Name = "Type"; Value = "Molded"; VariantName = "[No Variations]"
Add component (AddParameter): Name = "Voltage - Rated"; Value = "25 V"; VariantName = "[No Variations]"
Added Component: Designator=C9(CAP-0603)
Add component. Clean all parameters for all variants
Add component (AddParameter): Name = "Component Type"; Value = "Ceramic Capacitor"; VariantName = "[No Variations]"
Add component (AddParameter): Name = "Man Code"; Value = "CGA3E2X7R1H104K080AA"; VariantName = "[No Variations]"
Add component (AddParameter): Name = "Manufacturer"; Value = "TDK"; VariantName = "[No Variations]"
Add component (AddParameter): Name = "Temperature Coefficient"; Value = "X7R"; VariantName = "[No Variations]"
Add component (AddParameter): Name = "Tolerance"; Value = "%10"; VariantName = "[No Variations]"
Add component (AddParameter): Name = "Value"; Value = "100nF"; VariantName = "[No Variations]"
Add component (AddParameter): Name = "Voltage"; Value = "50V"; VariantName = "[No Variations]"
Added Component: Designator=C11(CAP-0603)
Add component. Clean all parameters for all variants
Add component (AddParameter): Name = "Component Type"; Value = "Ceramic Capacitor"; VariantName = "[No Variations]"
Add component (AddParameter): Name = "Man Code"; Value = "CGA3E2X7R1H104K080AA"; VariantName = "[No Variations]"
Add component (AddParameter): Name = "Manufacturer"; Value = "TDK"; VariantName = "[No Variations]"
Add component (AddParameter): Name = "Temperature Coefficient"; Value = "X7R"; VariantName = "[No Variations]"
Add component (AddParameter): Name = "Tolerance"; Value = "%10"; VariantName = "[No Variations]"
Add component (AddParameter): Name = "Value"; Value = "100nF"; VariantName = "[No Variations]"
Add component (AddParameter): Name = "Voltage"; Value = "50V"; VariantName = "[No Variations]"
Added Component: Designator=C12(CAP-0603)
Add component. Clean all parameters for all variants
Add component (AddParameter): Name = "Component Type"; Value = "Ceramic Capacitor"; VariantName = "[No Variations]"
Add component (AddParameter): Name = "Man Code"; Value = "CGA3E2X7R1H104K080AA"; VariantName = "[No Variations]"
Add component (AddParameter): Name = "Manufacturer"; Value = "TDK"; VariantName = "[No Variations]"
Add component (AddParameter): Name = "Temperature Coefficient"; Value = "X7R"; VariantName = "[No Variations]"
Add component (AddParameter): Name = "Tolerance"; Value = "%10"; VariantName = "[No Variations]"
Add component (AddParameter): Name = "Value"; Value = "100nF"; VariantName = "[No Variations]"
Add component (AddParameter): Name = "Voltage"; Value = "50V"; VariantName = "[No Variations]"
Added Component: Designator=C13(CAP-0603)
Add component. Clean all parameters for all variants
Add component (AddParameter): Name = "Component Type"; Value = "Ceramic Capacitor"; VariantName = "[No Variations]"
Add component (AddParameter): Name = "Man Code"; Value = "CGA3E2X7R1H104K080AA"; VariantName = "[No Variations]"
Add component (AddParameter): Name = "Manufacturer"; Value = "TDK"; VariantName = "[No Variations]"
Add component (AddParameter): Name = "Temperature Coefficient"; Value = "X7R"; VariantName = "[No Variations]"
Add component (AddParameter): Name = "Tolerance"; Value = "%10"; VariantName = "[No Variations]"
Add component (AddParameter): Name = "Value"; Value = "100nF"; VariantName = "[No Variations]"
Add component (AddParameter): Name = "Voltage"; Value = "50V"; VariantName = "[No Variations]"
Added Component: Designator=C14(CAP-0603)
Add component. Clean all parameters for all variants
Add component (AddParameter): Name = "Component Type"; Value = "Ceramic Capacitor"; VariantName = "[No Variations]"
Add component (AddParameter): Name = "Man Code"; Value = "CGA3E2X7R1H104K080AA"; VariantName = "[No Variations]"
Add component (AddParameter): Name = "Manufacturer"; Value = "TDK"; VariantName = "[No Variations]"
Add component (AddParameter): Name = "Temperature Coefficient"; Value = "X7R"; VariantName = "[No Variations]"
Add component (AddParameter): Name = "Tolerance"; Value = "%10"; VariantName = "[No Variations]"
Add component (AddParameter): Name = "Value"; Value = "100nF"; VariantName = "[No Variations]"
Add component (AddParameter): Name = "Voltage"; Value = "50V"; VariantName = "[No Variations]"
Added Component: Designator=C15(CAP-0603)
Add component. Clean all parameters for all variants
Add component (AddParameter): Name = "Component Type"; Value = "Ceramic Capacitor"; VariantName = "[No Variations]"
Add component (AddParameter): Name = "Man Code"; Value = "CGA3E2X7R1H104K080AA"; VariantName = "[No Variations]"
Add component (AddParameter): Name = "Manufacturer"; Value = "TDK"; VariantName = "[No Variations]"
Add component (AddParameter): Name = "Temperature Coefficient"; Value = "X7R"; VariantName = "[No Variations]"
Add component (AddParameter): Name = "Tolerance"; Value = "%10"; VariantName = "[No Variations]"
Add component (AddParameter): Name = "Value"; Value = "100nF"; VariantName = "[No Variations]"
Add component (AddParameter): Name = "Voltage"; Value = "50V"; VariantName = "[No Variations]"
Added Component: Designator=C16(CAP-0603)
Add component. Clean all parameters for all variants
Add component (AddParameter): Name = "Component Type"; Value = "Ceramic Capacitor"; VariantName = "[No Variations]"
Add component (AddParameter): Name = "Man Code"; Value = "CGA3E2X7R1H104K080AA"; VariantName = "[No Variations]"
Add component (AddParameter): Name = "Manufacturer"; Value = "TDK"; VariantName = "[No Variations]"
Add component (AddParameter): Name = "Temperature Coefficient"; Value = "X7R"; VariantName = "[No Variations]"
Add component (AddParameter): Name = "Tolerance"; Value = "%10"; VariantName = "[No Variations]"
Add component (AddParameter): Name = "Value"; Value = "100nF"; VariantName = "[No Variations]"
Add component (AddParameter): Name = "Voltage"; Value = "50V"; VariantName = "[No Variations]"
Added Component: Designator=C17(CAP-0603)
Add component. Clean all parameters for all variants
Add component (AddParameter): Name = "Component Type"; Value = "Ceramic Capacitor"; VariantName = "[No Variations]"
Add component (AddParameter): Name = "Man Code"; Value = "CGA3E2X7R1H104K080AA"; VariantName = "[No Variations]"
Add component (AddParameter): Name = "Manufacturer"; Value = "TDK"; VariantName = "[No Variations]"
Add component (AddParameter): Name = "Temperature Coefficient"; Value = "X7R"; VariantName = "[No Variations]"
Add component (AddParameter): Name = "Tolerance"; Value = "%10"; VariantName = "[No Variations]"
Add component (AddParameter): Name = "Value"; Value = "100nF"; VariantName = "[No Variations]"
Add component (AddParameter): Name = "Voltage"; Value = "50V"; VariantName = "[No Variations]"
Added Component: Designator=C18(CAP-0603)
Add component. Clean all parameters for all variants
Add component (AddParameter): Name = "Component Type"; Value = "Ceramic Capacitor"; VariantName = "[No Variations]"
Add component (AddParameter): Name = "Man Code"; Value = "CGA3E2X7R1H104K080AA"; VariantName = "[No Variations]"
Add component (AddParameter): Name = "Manufacturer"; Value = "TDK"; VariantName = "[No Variations]"
Add component (AddParameter): Name = "Temperature Coefficient"; Value = "X7R"; VariantName = "[No Variations]"
Add component (AddParameter): Name = "Tolerance"; Value = "%10"; VariantName = "[No Variations]"
Add component (AddParameter): Name = "Value"; Value = "100nF"; VariantName = "[No Variations]"
Add component (AddParameter): Name = "Voltage"; Value = "50V"; VariantName = "[No Variations]"
Added Component: Designator=C19(CAP-1210)
Add component. Clean all parameters for all variants
Add component (AddParameter): Name = "Component Type"; Value = "Ceramic Capacitor"; VariantName = "[No Variations]"
Add component (AddParameter): Name = "Man Code"; Value = "CL32B226KAJNNNE"; VariantName = "[No Variations]"
Add component (AddParameter): Name = "Manufacturer"; Value = "Samsung Electro-Mechanics"; VariantName = "[No Variations]"
Add component (AddParameter): Name = "Temperature Coefficient"; Value = "X7R"; VariantName = "[No Variations]"
Add component (AddParameter): Name = "Tolerance"; Value = "%10"; VariantName = "[No Variations]"
Add component (AddParameter): Name = "Value"; Value = "22uF"; VariantName = "[No Variations]"
Add component (AddParameter): Name = "Voltage"; Value = "25V"; VariantName = "[No Variations]"
Added Component: Designator=C20(CAP-0603)
Add component. Clean all parameters for all variants
Add component (AddParameter): Name = "Component Type"; Value = "Ceramic Capacitor"; VariantName = "[No Variations]"
Add component (AddParameter): Name = "Man Code"; Value = "CGA3E2X7R1H104K080AA"; VariantName = "[No Variations]"
Add component (AddParameter): Name = "Manufacturer"; Value = "TDK"; VariantName = "[No Variations]"
Add component (AddParameter): Name = "Temperature Coefficient"; Value = "X7R"; VariantName = "[No Variations]"
Add component (AddParameter): Name = "Tolerance"; Value = "%10"; VariantName = "[No Variations]"
Add component (AddParameter): Name = "Value"; Value = "100nF"; VariantName = "[No Variations]"
Add component (AddParameter): Name = "Voltage"; Value = "50V"; VariantName = "[No Variations]"
Added Component: Designator=C21(CAP-0603)
Add component. Clean all parameters for all variants
Add component (AddParameter): Name = "Component Type"; Value = "Ceramic Capacitor"; VariantName = "[No Variations]"
Add component (AddParameter): Name = "Man Code"; Value = "GCM1885C2A560FA16D"; VariantName = "[No Variations]"
Add component (AddParameter): Name = "Manufacturer"; Value = "Murata"; VariantName = "[No Variations]"
Add component (AddParameter): Name = "Temperature Coefficient"; Value = "C0G"; VariantName = "[No Variations]"
Add component (AddParameter): Name = "Tolerance"; Value = "%1"; VariantName = "[No Variations]"
Add component (AddParameter): Name = "Value"; Value = "56pF"; VariantName = "[No Variations]"
Add component (AddParameter): Name = "Voltage"; Value = "100V"; VariantName = "[No Variations]"
Added Component: Designator=C22(KEMET_CAP_TAN-B)
Add component. Clean all parameters for all variants
Add component (AddParameter): Name = "Capacitance"; Value = "22 µF"; VariantName = "[No Variations]"
Add component (AddParameter): Name = "Digikey Link"; Value = "https://www.digikey.com/en/products/detail/kemet/T491B226K020AT/1842086"; VariantName = "[No Variations]"
Add component (AddParameter): Name = "ESR (Equivalent Series Resistance)"; Value = "4 Ohm"; VariantName = "[No Variations]"
Add component (AddParameter): Name = "Failure Rate"; Value = "-"; VariantName = "[No Variations]"
Add component (AddParameter): Name = "Farnell TR Link"; Value = "https://tr.farnell.com/kemet/t491b226k020at/cap-22-f-20v-10/dp/2321214?st=t491b226k020at"; VariantName = "[No Variations]"
Add component (AddParameter): Name = "Features"; Value = "General Purpose"; VariantName = "[No Variations]"
Add component (AddParameter): Name = "Height - Seated (Max)"; Value = "0.083" (2.10mm)"; VariantName = "[No Variations]"
Add component (AddParameter): Name = "Lead Spacing"; Value = "-"; VariantName = "[No Variations]"
Add component (AddParameter): Name = "Lifetime @ Temp."; Value = "2000 Hrs @ 125°C"; VariantName = "[No Variations]"
Add component (AddParameter): Name = "Manufacturer"; Value = "KEMET"; VariantName = "[No Variations]"
Add component (AddParameter): Name = "Manufacturer Size Code"; Value = "B"; VariantName = "[No Variations]"
Add component (AddParameter): Name = "Mounting Type"; Value = "Surface Mount"; VariantName = "[No Variations]"
Add component (AddParameter): Name = "Mouser Link"; Value = "https://www.mouser.com.tr/ProductDetail/KEMET/T491B226K020AT?qs=2QcrrtqkWlnFmgDgM5wdlA%3D%3D"; VariantName = "[No Variations]"
Add component (AddParameter): Name = "Operating Temperature"; Value = "-55°C ~ 125°C"; VariantName = "[No Variations]"
Add component (AddParameter): Name = "Ozdisan Link"; Value = "https://ozdisan.com/pasif-komponentler/kondansatorler/tantal-kondansatorler/T491B226K020AT"; VariantName = "[No Variations]"
Add component (AddParameter): Name = "Package"; Value = "Tape & Reel (TR)"; VariantName = "[No Variations]"
Add component (AddParameter): Name = "Package / Case"; Value = "1411 (3528 Metric)"; VariantName = "[No Variations]"
Add component (AddParameter): Name = "Ratings"; Value = "-"; VariantName = "[No Variations]"
Add component (AddParameter): Name = "Series"; Value = "T491"; VariantName = "[No Variations]"
Add component (AddParameter): Name = "Size / Dimension"; Value = "0.138" L x 0.110" W (3.50mm x 2.80mm)"; VariantName = "[No Variations]"
Add component (AddParameter): Name = "Tolerance"; Value = "±10%"; VariantName = "[No Variations]"
Add component (AddParameter): Name = "Type"; Value = "Molded"; VariantName = "[No Variations]"
Add component (AddParameter): Name = "Voltage - Rated"; Value = "20 V"; VariantName = "[No Variations]"
Added Component: Designator=C23(KEMET_CAP_TAN-B)
Add component. Clean all parameters for all variants
Add component (AddParameter): Name = "Capacitance"; Value = "10 µF"; VariantName = "[No Variations]"
Add component (AddParameter): Name = "Digikey Link"; Value = "https://www.digikey.com/en/products/detail/kemet/T495B475M025ZTE750/8764094"; VariantName = "[No Variations]"
Add component (AddParameter): Name = "ESR (Equivalent Series Resistance)"; Value = "2.5 Ohm"; VariantName = "[No Variations]"
Add component (AddParameter): Name = "Failure Rate"; Value = "-"; VariantName = "[No Variations]"
Add component (AddParameter): Name = "Farnell TR Link"; Value = "https://tr.farnell.com/kemet/t491b106m016at/cap-10-f-16v-20/dp/2462772?st=t491b106m016at"; VariantName = "[No Variations]"
Add component (AddParameter): Name = "Features"; Value = "General Purpose"; VariantName = "[No Variations]"
Add component (AddParameter): Name = "Height - Seated (Max)"; Value = "0.083" (2.10mm)"; VariantName = "[No Variations]"
Add component (AddParameter): Name = "Lead Spacing"; Value = "-"; VariantName = "[No Variations]"
Add component (AddParameter): Name = "Lifetime @ Temp."; Value = "2000 Hrs @ 125°C"; VariantName = "[No Variations]"
Add component (AddParameter): Name = "Manufacturer"; Value = "KEMET"; VariantName = "[No Variations]"
Add component (AddParameter): Name = "Manufacturer Size Code"; Value = "B"; VariantName = "[No Variations]"
Add component (AddParameter): Name = "Mounting Type"; Value = "Surface Mount"; VariantName = "[No Variations]"
Add component (AddParameter): Name = "Mouser Link"; Value = "https://www.mouser.com.tr/ProductDetail/KEMET/T491B106M016AT?qs=WydH9nGI6cAnkEyQJLjSzA%3D%3D"; VariantName = "[No Variations]"
Add component (AddParameter): Name = "Operating Temperature"; Value = "-55°C ~ 125°C"; VariantName = "[No Variations]"
Add component (AddParameter): Name = "Ozdisan Link"; Value = "https://ozdisan.com/pasif-komponentler/kondansatorler/tantal-kondansatorler/T491B106M016AT"; VariantName = "[No Variations]"
Add component (AddParameter): Name = "Package"; Value = "Tape & Reel (TR)"; VariantName = "[No Variations]"
Add component (AddParameter): Name = "Package / Case"; Value = "1411 (3528 Metric)"; VariantName = "[No Variations]"
Add component (AddParameter): Name = "Ratings"; Value = "-"; VariantName = "[No Variations]"
Add component (AddParameter): Name = "Series"; Value = "T491"; VariantName = "[No Variations]"
Add component (AddParameter): Name = "Size / Dimension"; Value = "0.138" L x 0.110" W (3.50mm x 2.80mm)"; VariantName = "[No Variations]"
Add component (AddParameter): Name = "Tolerance"; Value = "±20%"; VariantName = "[No Variations]"
Add component (AddParameter): Name = "Type"; Value = "Molded"; VariantName = "[No Variations]"
Add component (AddParameter): Name = "Voltage - Rated"; Value = "16 V"; VariantName = "[No Variations]"
Added Component: Designator=C24(CAP-1210)
Add component. Clean all parameters for all variants
Add component (AddParameter): Name = "Component Type"; Value = "Ceramic Capacitor"; VariantName = "[No Variations]"
Add component (AddParameter): Name = "Man Code"; Value = "CL32B226KAJNNNE"; VariantName = "[No Variations]"
Add component (AddParameter): Name = "Manufacturer"; Value = "Samsung Electro-Mechanics"; VariantName = "[No Variations]"
Add component (AddParameter): Name = "Temperature Coefficient"; Value = "X7R"; VariantName = "[No Variations]"
Add component (AddParameter): Name = "Tolerance"; Value = "%10"; VariantName = "[No Variations]"
Add component (AddParameter): Name = "Value"; Value = "22uF"; VariantName = "[No Variations]"
Add component (AddParameter): Name = "Voltage"; Value = "25V"; VariantName = "[No Variations]"
Added Component: Designator=C25(CAP-1210)
Add component. Clean all parameters for all variants
Add component (AddParameter): Name = "Component Type"; Value = "Ceramic Capacitor"; VariantName = "[No Variations]"
Add component (AddParameter): Name = "Man Code"; Value = "CL32B226KAJNNNE"; VariantName = "[No Variations]"
Add component (AddParameter): Name = "Manufacturer"; Value = "Samsung Electro-Mechanics"; VariantName = "[No Variations]"
Add component (AddParameter): Name = "Temperature Coefficient"; Value = "X7R"; VariantName = "[No Variations]"
Add component (AddParameter): Name = "Tolerance"; Value = "%10"; VariantName = "[No Variations]"
Add component (AddParameter): Name = "Value"; Value = "22uF"; VariantName = "[No Variations]"
Add component (AddParameter): Name = "Voltage"; Value = "25V"; VariantName = "[No Variations]"
Added Component: Designator=C26(CAP-0603)
Add component. Clean all parameters for all variants
Add component (AddParameter): Name = "Component Type"; Value = "Ceramic Capacitor"; VariantName = "[No Variations]"
Add component (AddParameter): Name = "Man Code"; Value = "CGA3E2X7R1H104K080AA"; VariantName = "[No Variations]"
Add component (AddParameter): Name = "Manufacturer"; Value = "TDK"; VariantName = "[No Variations]"
Add component (AddParameter): Name = "Temperature Coefficient"; Value = "X7R"; VariantName = "[No Variations]"
Add component (AddParameter): Name = "Tolerance"; Value = "%10"; VariantName = "[No Variations]"
Add component (AddParameter): Name = "Value"; Value = "100nF"; VariantName = "[No Variations]"
Add component (AddParameter): Name = "Voltage"; Value = "50V"; VariantName = "[No Variations]"
Added Component: Designator=C27(KEMET_CAP_TAN-B)
Add component. Clean all parameters for all variants
Add component (AddParameter): Name = "Capacitance"; Value = "10 µF"; VariantName = "[No Variations]"
Add component (AddParameter): Name = "Digikey Link"; Value = "https://www.digikey.com/en/products/detail/kemet/T495B475M025ZTE750/8764094"; VariantName = "[No Variations]"
Add component (AddParameter): Name = "ESR (Equivalent Series Resistance)"; Value = "2.5 Ohm"; VariantName = "[No Variations]"
Add component (AddParameter): Name = "Failure Rate"; Value = "-"; VariantName = "[No Variations]"
Add component (AddParameter): Name = "Farnell TR Link"; Value = "https://tr.farnell.com/kemet/t491b106m016at/cap-10-f-16v-20/dp/2462772?st=t491b106m016at"; VariantName = "[No Variations]"
Add component (AddParameter): Name = "Features"; Value = "General Purpose"; VariantName = "[No Variations]"
Add component (AddParameter): Name = "Height - Seated (Max)"; Value = "0.083" (2.10mm)"; VariantName = "[No Variations]"
Add component (AddParameter): Name = "Lead Spacing"; Value = "-"; VariantName = "[No Variations]"
Add component (AddParameter): Name = "Lifetime @ Temp."; Value = "2000 Hrs @ 125°C"; VariantName = "[No Variations]"
Add component (AddParameter): Name = "Manufacturer"; Value = "KEMET"; VariantName = "[No Variations]"
Add component (AddParameter): Name = "Manufacturer Size Code"; Value = "B"; VariantName = "[No Variations]"
Add component (AddParameter): Name = "Mounting Type"; Value = "Surface Mount"; VariantName = "[No Variations]"
Add component (AddParameter): Name = "Mouser Link"; Value = "https://www.mouser.com.tr/ProductDetail/KEMET/T491B106M016AT?qs=WydH9nGI6cAnkEyQJLjSzA%3D%3D"; VariantName = "[No Variations]"
Add component (AddParameter): Name = "Operating Temperature"; Value = "-55°C ~ 125°C"; VariantName = "[No Variations]"
Add component (AddParameter): Name = "Ozdisan Link"; Value = "https://ozdisan.com/pasif-komponentler/kondansatorler/tantal-kondansatorler/T491B106M016AT"; VariantName = "[No Variations]"
Add component (AddParameter): Name = "Package"; Value = "Tape & Reel (TR)"; VariantName = "[No Variations]"
Add component (AddParameter): Name = "Package / Case"; Value = "1411 (3528 Metric)"; VariantName = "[No Variations]"
Add component (AddParameter): Name = "Ratings"; Value = "-"; VariantName = "[No Variations]"
Add component (AddParameter): Name = "Series"; Value = "T491"; VariantName = "[No Variations]"
Add component (AddParameter): Name = "Size / Dimension"; Value = "0.138" L x 0.110" W (3.50mm x 2.80mm)"; VariantName = "[No Variations]"
Add component (AddParameter): Name = "Tolerance"; Value = "±20%"; VariantName = "[No Variations]"
Add component (AddParameter): Name = "Type"; Value = "Molded"; VariantName = "[No Variations]"
Add component (AddParameter): Name = "Voltage - Rated"; Value = "16 V"; VariantName = "[No Variations]"
Added Component: Designator=C28(CAP-0603)
Add component. Clean all parameters for all variants
Add component (AddParameter): Name = "Component Type"; Value = "Ceramic Capacitor"; VariantName = "[No Variations]"
Add component (AddParameter): Name = "Man Code"; Value = "CGA3E2X7R1H104K080AA"; VariantName = "[No Variations]"
Add component (AddParameter): Name = "Manufacturer"; Value = "TDK"; VariantName = "[No Variations]"
Add component (AddParameter): Name = "Temperature Coefficient"; Value = "X7R"; VariantName = "[No Variations]"
Add component (AddParameter): Name = "Tolerance"; Value = "%10"; VariantName = "[No Variations]"
Add component (AddParameter): Name = "Value"; Value = "100nF"; VariantName = "[No Variations]"
Add component (AddParameter): Name = "Voltage"; Value = "50V"; VariantName = "[No Variations]"
Added Component: Designator=C32(CAP-0603)
Add component. Clean all parameters for all variants
Add component (AddParameter): Name = "Component Type"; Value = "Capacitor"; VariantName = "[No Variations]"
Add component (AddParameter): Name = "Man Code"; Value = "CL10B471KB8NNNC"; VariantName = "[No Variations]"
Add component (AddParameter): Name = "Manufacturer"; Value = "Samsung"; VariantName = "[No Variations]"
Add component (AddParameter): Name = "Tolerance"; Value = "%10"; VariantName = "[No Variations]"
Add component (AddParameter): Name = "Value"; Value = "470pF"; VariantName = "[No Variations]"
Add component (AddParameter): Name = "Voltage"; Value = "50V"; VariantName = "[No Variations]"
Added Component: Designator=C33(CAP-0603)
Add component. Clean all parameters for all variants
Add component (AddParameter): Name = "Component Type"; Value = "Ceramic Capacitor"; VariantName = "[No Variations]"
Add component (AddParameter): Name = "Man Code"; Value = "CGA3E2X7R1H104K080AA"; VariantName = "[No Variations]"
Add component (AddParameter): Name = "Manufacturer"; Value = "TDK"; VariantName = "[No Variations]"
Add component (AddParameter): Name = "Temperature Coefficient"; Value = "X7R"; VariantName = "[No Variations]"
Add component (AddParameter): Name = "Tolerance"; Value = "%10"; VariantName = "[No Variations]"
Add component (AddParameter): Name = "Value"; Value = "100nF"; VariantName = "[No Variations]"
Add component (AddParameter): Name = "Voltage"; Value = "50V"; VariantName = "[No Variations]"
Added Component: Designator=D1(LED-0805)
Add component. Clean all parameters for all variants
Add component (AddParameter): Name = "Colour"; Value = "Yellow"; VariantName = "[No Variations]"
Add component (AddParameter): Name = "Component Type"; Value = "Led"; VariantName = "[No Variations]"
Add component (AddParameter): Name = "If"; Value = "20mA"; VariantName = "[No Variations]"
Add component (AddParameter): Name = "Lens Transparency"; Value = "Water Clear"; VariantName = "[No Variations]"
Add component (AddParameter): Name = "Luminous Intensity"; Value = "94mcd"; VariantName = "[No Variations]"
Add component (AddParameter): Name = "Man Code"; Value = "BL-HKB35A-TRB"; VariantName = "[No Variations]"
Add component (AddParameter): Name = "Manufacturer"; Value = "BRIGHT LED"; VariantName = "[No Variations]"
Add component (AddParameter): Name = "Vf"; Value = "2.2V"; VariantName = "[No Variations]"
Added Component: Designator=D2(LED-0805)
Add component. Clean all parameters for all variants
Add component (AddParameter): Name = "Colour"; Value = "Yellow"; VariantName = "[No Variations]"
Add component (AddParameter): Name = "Component Type"; Value = "Led"; VariantName = "[No Variations]"
Add component (AddParameter): Name = "If"; Value = "20mA"; VariantName = "[No Variations]"
Add component (AddParameter): Name = "Lens Transparency"; Value = "Water Clear"; VariantName = "[No Variations]"
Add component (AddParameter): Name = "Luminous Intensity"; Value = "94mcd"; VariantName = "[No Variations]"
Add component (AddParameter): Name = "Man Code"; Value = "BL-HKB35A-TRB"; VariantName = "[No Variations]"
Add component (AddParameter): Name = "Manufacturer"; Value = "BRIGHT LED"; VariantName = "[No Variations]"
Add component (AddParameter): Name = "Vf"; Value = "2.2V"; VariantName = "[No Variations]"
Added Component: Designator=D3(LED-0805)
Add component. Clean all parameters for all variants
Add component (AddParameter): Name = "Colour"; Value = "Yellow"; VariantName = "[No Variations]"
Add component (AddParameter): Name = "Component Type"; Value = "Led"; VariantName = "[No Variations]"
Add component (AddParameter): Name = "If"; Value = "20mA"; VariantName = "[No Variations]"
Add component (AddParameter): Name = "Lens Transparency"; Value = "Water Clear"; VariantName = "[No Variations]"
Add component (AddParameter): Name = "Luminous Intensity"; Value = "94mcd"; VariantName = "[No Variations]"
Add component (AddParameter): Name = "Man Code"; Value = "BL-HKB35A-TRB"; VariantName = "[No Variations]"
Add component (AddParameter): Name = "Manufacturer"; Value = "BRIGHT LED"; VariantName = "[No Variations]"
Add component (AddParameter): Name = "Vf"; Value = "2.2V"; VariantName = "[No Variations]"
Added Component: Designator=D4(LED-0805)
Add component. Clean all parameters for all variants
Add component (AddParameter): Name = "Colour"; Value = "Yellow"; VariantName = "[No Variations]"
Add component (AddParameter): Name = "Component Type"; Value = "Led"; VariantName = "[No Variations]"
Add component (AddParameter): Name = "If"; Value = "20mA"; VariantName = "[No Variations]"
Add component (AddParameter): Name = "Lens Transparency"; Value = "Water Clear"; VariantName = "[No Variations]"
Add component (AddParameter): Name = "Luminous Intensity"; Value = "94mcd"; VariantName = "[No Variations]"
Add component (AddParameter): Name = "Man Code"; Value = "BL-HKB35A-TRB"; VariantName = "[No Variations]"
Add component (AddParameter): Name = "Manufacturer"; Value = "BRIGHT LED"; VariantName = "[No Variations]"
Add component (AddParameter): Name = "Vf"; Value = "2.2V"; VariantName = "[No Variations]"
Added Component: Designator=D5(LED-0805)
Add component. Clean all parameters for all variants
Add component (AddParameter): Name = "Colour"; Value = "Yellow"; VariantName = "[No Variations]"
Add component (AddParameter): Name = "Component Type"; Value = "Led"; VariantName = "[No Variations]"
Add component (AddParameter): Name = "If"; Value = "20mA"; VariantName = "[No Variations]"
Add component (AddParameter): Name = "Lens Transparency"; Value = "Water Clear"; VariantName = "[No Variations]"
Add component (AddParameter): Name = "Luminous Intensity"; Value = "94mcd"; VariantName = "[No Variations]"
Add component (AddParameter): Name = "Man Code"; Value = "BL-HKB35A-TRB"; VariantName = "[No Variations]"
Add component (AddParameter): Name = "Manufacturer"; Value = "BRIGHT LED"; VariantName = "[No Variations]"
Add component (AddParameter): Name = "Vf"; Value = "2.2V"; VariantName = "[No Variations]"
Added Component: Designator=D6(LED-0805)
Add component. Clean all parameters for all variants
Add component (AddParameter): Name = "Colour"; Value = "Yellow"; VariantName = "[No Variations]"
Add component (AddParameter): Name = "Component Type"; Value = "Led"; VariantName = "[No Variations]"
Add component (AddParameter): Name = "If"; Value = "20mA"; VariantName = "[No Variations]"
Add component (AddParameter): Name = "Lens Transparency"; Value = "Water Clear"; VariantName = "[No Variations]"
Add component (AddParameter): Name = "Luminous Intensity"; Value = "94mcd"; VariantName = "[No Variations]"
Add component (AddParameter): Name = "Man Code"; Value = "BL-HKB35A-TRB"; VariantName = "[No Variations]"
Add component (AddParameter): Name = "Manufacturer"; Value = "BRIGHT LED"; VariantName = "[No Variations]"
Add component (AddParameter): Name = "Vf"; Value = "2.2V"; VariantName = "[No Variations]"
Added Component: Designator=J1(Header 2.54 1x5)
Add component. Clean all parameters for all variants
Added Component: Designator=J2(1x2 HEADER)
Add component. Clean all parameters for all variants
Add component (AddParameter): Name = "Component Type"; Value = "Header"; VariantName = "[No Variations]"
Add component (AddParameter): Name = "Man Code"; Value = "DS1021-1X2SF11-B"; VariantName = "[No Variations]"
Add component (AddParameter): Name = "Manufacturer"; Value = "KLS Electronic"; VariantName = "[No Variations]"
Add component (AddParameter): Name = "Number of Pins"; Value = "2"; VariantName = "[No Variations]"
Add component (AddParameter): Name = "Number of Row"; Value = "1"; VariantName = "[No Variations]"
Add component (AddParameter): Name = "Pitch"; Value = "2.54mm"; VariantName = "[No Variations]"
Added Component: Designator=L1(IND_EATON_DR125-4R7-R)
Add component. Clean all parameters for all variants
Add component (AddParameter): Name = "Component Type"; Value = "Fixed Inductor"; VariantName = "[No Variations]"
Add component (AddParameter): Name = "Man Code"; Value = "DR125-4R7-R"; VariantName = "[No Variations]"
Add component (AddParameter): Name = "Manufacturer"; Value = "Eaton"; VariantName = "[No Variations]"
Add component (AddParameter): Name = "Max DC Current"; Value = "7.18A"; VariantName = "[No Variations]"
Add component (AddParameter): Name = "Max Dc Resistance"; Value = "10.5mOhm"; VariantName = "[No Variations]"
Add component (AddParameter): Name = "Tolerance"; Value = "%20"; VariantName = "[No Variations]"
Add component (AddParameter): Name = "Value"; Value = "4.7uH"; VariantName = "[No Variations]"
Added Component: Designator=P1(D SUB 9PIN FEMALE 90C TH)
Add component. Clean all parameters for all variants
Add component (AddParameter): Name = "Component Type"; Value = "D SUB 9 PIN Female Connector"; VariantName = "[No Variations]"
Add component (AddParameter): Name = "Contact Number"; Value = "9"; VariantName = "[No Variations]"
Add component (AddParameter): Name = "Contact Resistance(max)"; Value = "20mohm"; VariantName = "[No Variations]"
Add component (AddParameter): Name = "Current(max)"; Value = "1.5A"; VariantName = "[No Variations]"
Add component (AddParameter): Name = "Gender"; Value = "Female"; VariantName = "[No Variations]"
Add component (AddParameter): Name = "Man Code"; Value = "DS1037-09FNAKT74"; VariantName = "[No Variations]"
Add component (AddParameter): Name = "Manufacturer"; Value = "CONNFLY"; VariantName = "[No Variations]"
Add component (AddParameter): Name = "Mating Connector"; Value = "L-KLS1-213-09-M-L"; VariantName = "[No Variations]"
Add component (AddParameter): Name = "Mounting Angle"; Value = "90"; VariantName = "[No Variations]"
Add component (AddParameter): Name = "Mounting Style"; Value = "Through Hole"; VariantName = "[No Variations]"
Add component (AddParameter): Name = "Number of Row"; Value = "2"; VariantName = "[No Variations]"
Add component (AddParameter): Name = "Pitch"; Value = "2.77mm"; VariantName = "[No Variations]"
Added Component: Designator=P2(D SUB 9PIN FEMALE 90C TH)
Add component. Clean all parameters for all variants
Add component (AddParameter): Name = "Component Type"; Value = "D SUB 9 PIN Female Connector"; VariantName = "[No Variations]"
Add component (AddParameter): Name = "Contact Number"; Value = "9"; VariantName = "[No Variations]"
Add component (AddParameter): Name = "Contact Resistance(max)"; Value = "20mohm"; VariantName = "[No Variations]"
Add component (AddParameter): Name = "Current(max)"; Value = "1.5A"; VariantName = "[No Variations]"
Add component (AddParameter): Name = "Gender"; Value = "Female"; VariantName = "[No Variations]"
Add component (AddParameter): Name = "Man Code"; Value = "DS1037-09FNAKT74"; VariantName = "[No Variations]"
Add component (AddParameter): Name = "Manufacturer"; Value = "CONNFLY"; VariantName = "[No Variations]"
Add component (AddParameter): Name = "Mating Connector"; Value = "L-KLS1-213-09-M-L"; VariantName = "[No Variations]"
Add component (AddParameter): Name = "Mounting Angle"; Value = "90"; VariantName = "[No Variations]"
Add component (AddParameter): Name = "Mounting Style"; Value = "Through Hole"; VariantName = "[No Variations]"
Add component (AddParameter): Name = "Number of Row"; Value = "2"; VariantName = "[No Variations]"
Add component (AddParameter): Name = "Pitch"; Value = "2.77mm"; VariantName = "[No Variations]"
Added Component: Designator=P3(2 PIN MALE 180C TH 2.50MM)
Add component. Clean all parameters for all variants
Add component (AddParameter): Name = "Component Type"; Value = "CONN 2PIN MALE 180C TH 2.5mm"; VariantName = "[No Variations]"
Add component (AddParameter): Name = "Contact Number"; Value = "3"; VariantName = "[No Variations]"
Add component (AddParameter): Name = "Contact Resistance (Max)"; Value = "10mohm"; VariantName = "[No Variations]"
Add component (AddParameter): Name = "Current(Max)"; Value = "3A"; VariantName = "[No Variations]"
Add component (AddParameter): Name = "Gender"; Value = "Male"; VariantName = "[No Variations]"
Add component (AddParameter): Name = "Man Code"; Value = "L-KLS1-XL4-2.50-02-S"; VariantName = "[No Variations]"
Add component (AddParameter): Name = "Manufacturer"; Value = "KLS ELECTRONIC"; VariantName = "[No Variations]"
Add component (AddParameter): Name = "Mounting Angle"; Value = "180"; VariantName = "[No Variations]"
Add component (AddParameter): Name = "Mounting Style"; Value = "THT"; VariantName = "[No Variations]"
Add component (AddParameter): Name = "Number of Row"; Value = "1"; VariantName = "[No Variations]"
Add component (AddParameter): Name = "Pitch"; Value = "2.50mm"; VariantName = "[No Variations]"
Added Component: Designator=P4(1x4 TUNIC CONNECTOR)
Add component. Clean all parameters for all variants
Add component (AddParameter): Name = "Comopnent Type"; Value = "Connector"; VariantName = "[No Variations]"
Add component (AddParameter): Name = "Gender"; Value = "Male"; VariantName = "[No Variations]"
Add component (AddParameter): Name = "Man Code"; Value = "L-KLS1-2.50-04-S"; VariantName = "[No Variations]"
Add component (AddParameter): Name = "Manufacturer"; Value = "KLS ELECTRONIC"; VariantName = "[No Variations]"
Add component (AddParameter): Name = "Mounting Type"; Value = "THT"; VariantName = "[No Variations]"
Add component (AddParameter): Name = "Number of pins"; Value = "4"; VariantName = "[No Variations]"
Add component (AddParameter): Name = "Number of rows"; Value = "1"; VariantName = "[No Variations]"
Add component (AddParameter): Name = "Pitch"; Value = "2.50mm"; VariantName = "[No Variations]"
Added Component: Designator=P5(1x3 Header (2.54 mm))
Add component. Clean all parameters for all variants
Add component (AddParameter): Name = "Component Type"; Value = "Connector"; VariantName = "[No Variations]"
Add component (AddParameter): Name = "Contact Number"; Value = "3"; VariantName = "[No Variations]"
Add component (AddParameter): Name = "Gender"; Value = "Male"; VariantName = "[No Variations]"
Add component (AddParameter): Name = "Man Code"; Value = "1x3 Header"; VariantName = "[No Variations]"
Add component (AddParameter): Name = "Mounting Angle"; Value = "180"; VariantName = "[No Variations]"
Add component (AddParameter): Name = "Mounting Style"; Value = "THT"; VariantName = "[No Variations]"
Add component (AddParameter): Name = "Number of Row"; Value = "1"; VariantName = "[No Variations]"
Add component (AddParameter): Name = "Pitch"; Value = "2.54 mm"; VariantName = "[No Variations]"
Added Component: Designator=R1(RES-0603)
Add component. Clean all parameters for all variants
Add component (AddParameter): Name = "Component Type"; Value = "Chip Resistor"; VariantName = "[No Variations]"
Add component (AddParameter): Name = "Man Code"; Value = "CRCW060310K0FKEA"; VariantName = "[No Variations]"
Add component (AddParameter): Name = "Manufacturer"; Value = "Vishay"; VariantName = "[No Variations]"
Add component (AddParameter): Name = "Power"; Value = "0.1W"; VariantName = "[No Variations]"
Add component (AddParameter): Name = "Tolerance"; Value = "%1"; VariantName = "[No Variations]"
Add component (AddParameter): Name = "Value"; Value = "10k"; VariantName = "[No Variations]"
Added Component: Designator=R2(RES-0603)
Add component. Clean all parameters for all variants
Add component (AddParameter): Name = "Component Type"; Value = "Chip Resistor"; VariantName = "[No Variations]"
Add component (AddParameter): Name = "Man Code"; Value = "CRCW06031K00FKEAC"; VariantName = "[No Variations]"
Add component (AddParameter): Name = "Manufacturer"; Value = "Vishay"; VariantName = "[No Variations]"
Add component (AddParameter): Name = "Power"; Value = "0.1W"; VariantName = "[No Variations]"
Add component (AddParameter): Name = "Tolerance"; Value = "%1"; VariantName = "[No Variations]"
Add component (AddParameter): Name = "Value"; Value = "1k"; VariantName = "[No Variations]"
Added Component: Designator=R3(RES-0603)
Add component. Clean all parameters for all variants
Add component (AddParameter): Name = "Component Type"; Value = "Chip Resistor"; VariantName = "[No Variations]"
Add component (AddParameter): Name = "Man Code"; Value = "CRCW06031K00FKEAC"; VariantName = "[No Variations]"
Add component (AddParameter): Name = "Manufacturer"; Value = "Vishay"; VariantName = "[No Variations]"
Add component (AddParameter): Name = "Power"; Value = "0.1W"; VariantName = "[No Variations]"
Add component (AddParameter): Name = "Tolerance"; Value = "%1"; VariantName = "[No Variations]"
Add component (AddParameter): Name = "Value"; Value = "1k"; VariantName = "[No Variations]"
Added Component: Designator=R4(RES-0603)
Add component. Clean all parameters for all variants
Add component (AddParameter): Name = "Component Type"; Value = "Chip Resistor"; VariantName = "[No Variations]"
Add component (AddParameter): Name = "Man Code"; Value = "CRCW06031K00FKEAC"; VariantName = "[No Variations]"
Add component (AddParameter): Name = "Manufacturer"; Value = "Vishay"; VariantName = "[No Variations]"
Add component (AddParameter): Name = "Power"; Value = "0.1W"; VariantName = "[No Variations]"
Add component (AddParameter): Name = "Tolerance"; Value = "%1"; VariantName = "[No Variations]"
Add component (AddParameter): Name = "Value"; Value = "1k"; VariantName = "[No Variations]"
Added Component: Designator=R5(RES-0603)
Add component. Clean all parameters for all variants
Add component (AddParameter): Name = "Component Type"; Value = "Chip Resistor"; VariantName = "[No Variations]"
Add component (AddParameter): Name = "Man Code"; Value = "CRCW06031K00FKEAC"; VariantName = "[No Variations]"
Add component (AddParameter): Name = "Manufacturer"; Value = "Vishay"; VariantName = "[No Variations]"
Add component (AddParameter): Name = "Power"; Value = "0.1W"; VariantName = "[No Variations]"
Add component (AddParameter): Name = "Tolerance"; Value = "%1"; VariantName = "[No Variations]"
Add component (AddParameter): Name = "Value"; Value = "1k"; VariantName = "[No Variations]"
Added Component: Designator=R6(RES-0603)
Add component. Clean all parameters for all variants
Add component (AddParameter): Name = "Compnenet Type"; Value = "Chip Resistor"; VariantName = "[No Variations]"
Add component (AddParameter): Name = "Man Code"; Value = "RC0603FR-07120RL"; VariantName = "[No Variations]"
Add component (AddParameter): Name = "Manufacturer"; Value = "YAGEO"; VariantName = "[No Variations]"
Add component (AddParameter): Name = "Tolerance"; Value = "%1"; VariantName = "[No Variations]"
Add component (AddParameter): Name = "Value"; Value = "120"; VariantName = "[No Variations]"
Add component (AddParameter): Name = "Voltage"; Value = "75V"; VariantName = "[No Variations]"
Added Component: Designator=R7(RES-0603)
Add component. Clean all parameters for all variants
Add component (AddParameter): Name = "Component Type"; Value = "Chip Resistor"; VariantName = "[No Variations]"
Add component (AddParameter): Name = "Man Code"; Value = "CRCW06031K00FKEAC"; VariantName = "[No Variations]"
Add component (AddParameter): Name = "Manufacturer"; Value = "Vishay"; VariantName = "[No Variations]"
Add component (AddParameter): Name = "Power"; Value = "0.1W"; VariantName = "[No Variations]"
Add component (AddParameter): Name = "Tolerance"; Value = "%1"; VariantName = "[No Variations]"
Add component (AddParameter): Name = "Value"; Value = "1k"; VariantName = "[No Variations]"
Added Component: Designator=R8(RES-0603)
Add component. Clean all parameters for all variants
Add component (AddParameter): Name = "Component Type"; Value = "Chip Resistor"; VariantName = "[No Variations]"
Add component (AddParameter): Name = "Man Code"; Value = "CRCW06031K00FKEAC"; VariantName = "[No Variations]"
Add component (AddParameter): Name = "Manufacturer"; Value = "Vishay"; VariantName = "[No Variations]"
Add component (AddParameter): Name = "Power"; Value = "0.1W"; VariantName = "[No Variations]"
Add component (AddParameter): Name = "Tolerance"; Value = "%1"; VariantName = "[No Variations]"
Add component (AddParameter): Name = "Value"; Value = "1k"; VariantName = "[No Variations]"
Added Component: Designator=R9(RES-0603)
Add component. Clean all parameters for all variants
Add component (AddParameter): Name = "Component Type"; Value = "Chip Resistor"; VariantName = "[No Variations]"
Add component (AddParameter): Name = "Man Code"; Value = "CRCW06031K00FKEAC"; VariantName = "[No Variations]"
Add component (AddParameter): Name = "Manufacturer"; Value = "Vishay"; VariantName = "[No Variations]"
Add component (AddParameter): Name = "Power"; Value = "0.1W"; VariantName = "[No Variations]"
Add component (AddParameter): Name = "Tolerance"; Value = "%1"; VariantName = "[No Variations]"
Add component (AddParameter): Name = "Value"; Value = "1k"; VariantName = "[No Variations]"
Added Component: Designator=R10(RES-0603)
Add component. Clean all parameters for all variants
Add component (AddParameter): Name = "Component Type"; Value = "Chip Resistor"; VariantName = "[No Variations]"
Add component (AddParameter): Name = "Man Code"; Value = "0603SAJ0000T5E"; VariantName = "[No Variations]"
Add component (AddParameter): Name = "Manufacturer"; Value = "ROYALOHM"; VariantName = "[No Variations]"
Add component (AddParameter): Name = "Tolerance"; Value = "%5"; VariantName = "[No Variations]"
Add component (AddParameter): Name = "Value"; Value = "0"; VariantName = "[No Variations]"
Add component (AddParameter): Name = "Voltage"; Value = "75V"; VariantName = "[No Variations]"
Added Component: Designator=R11(RES-0603)
Add component. Clean all parameters for all variants
Add component (AddParameter): Name = "Component Type"; Value = "Chip Resistor"; VariantName = "[No Variations]"
Add component (AddParameter): Name = "Man Code"; Value = "CRCW060310K0FKEA"; VariantName = "[No Variations]"
Add component (AddParameter): Name = "Manufacturer"; Value = "Vishay"; VariantName = "[No Variations]"
Add component (AddParameter): Name = "Power"; Value = "0.1W"; VariantName = "[No Variations]"
Add component (AddParameter): Name = "Tolerance"; Value = "%1"; VariantName = "[No Variations]"
Add component (AddParameter): Name = "Value"; Value = "10k"; VariantName = "[No Variations]"
Added Component: Designator=R12(RES-0603)
Add component. Clean all parameters for all variants
Add component (AddParameter): Name = "Component Type"; Value = "Chip Resistor"; VariantName = "[No Variations]"
Add component (AddParameter): Name = "Man Code"; Value = "CRCW060310K0FKEA"; VariantName = "[No Variations]"
Add component (AddParameter): Name = "Manufacturer"; Value = "Vishay"; VariantName = "[No Variations]"
Add component (AddParameter): Name = "Power"; Value = "0.1W"; VariantName = "[No Variations]"
Add component (AddParameter): Name = "Tolerance"; Value = "%1"; VariantName = "[No Variations]"
Add component (AddParameter): Name = "Value"; Value = "10k"; VariantName = "[No Variations]"
Added Component: Designator=R13(RES-0603)
Add component. Clean all parameters for all variants
Add component (AddParameter): Name = "Component Type"; Value = "Chip Resistor"; VariantName = "[No Variations]"
Add component (AddParameter): Name = "Man Code"; Value = "CRCW060310K0FKEA"; VariantName = "[No Variations]"
Add component (AddParameter): Name = "Manufacturer"; Value = "Vishay"; VariantName = "[No Variations]"
Add component (AddParameter): Name = "Power"; Value = "0.1W"; VariantName = "[No Variations]"
Add component (AddParameter): Name = "Tolerance"; Value = "%1"; VariantName = "[No Variations]"
Add component (AddParameter): Name = "Value"; Value = "10k"; VariantName = "[No Variations]"
Added Component: Designator=R14(RES-0603)
Add component. Clean all parameters for all variants
Add component (AddParameter): Name = "Component Type"; Value = "Chip Resistor"; VariantName = "[No Variations]"
Add component (AddParameter): Name = "Man Code"; Value = "CRCW06031K00FKEAC"; VariantName = "[No Variations]"
Add component (AddParameter): Name = "Manufacturer"; Value = "Vishay"; VariantName = "[No Variations]"
Add component (AddParameter): Name = "Power"; Value = "0.1W"; VariantName = "[No Variations]"
Add component (AddParameter): Name = "Tolerance"; Value = "%1"; VariantName = "[No Variations]"
Add component (AddParameter): Name = "Value"; Value = "1k"; VariantName = "[No Variations]"
Added Component: Designator=R15(RES-0603)
Add component. Clean all parameters for all variants
Add component (AddParameter): Name = "Component Type"; Value = "Chip Resistor"; VariantName = "[No Variations]"
Add component (AddParameter): Name = "Man Code"; Value = "ERJ-3EKF5232V"; VariantName = "[No Variations]"
Add component (AddParameter): Name = "Manufacturer"; Value = "Panasonic"; VariantName = "[No Variations]"
Add component (AddParameter): Name = "Power"; Value = "0.1W"; VariantName = "[No Variations]"
Add component (AddParameter): Name = "Tolerance"; Value = "%1"; VariantName = "[No Variations]"
Add component (AddParameter): Name = "Value"; Value = "52.3k"; VariantName = "[No Variations]"
Added Component: Designator=R16(RES-0603)
Add component. Clean all parameters for all variants
Add component (AddParameter): Name = "Component Type"; Value = "Chip Resistor"; VariantName = "[No Variations]"
Add component (AddParameter): Name = "Man Code"; Value = "CRCW060310K0FKEA"; VariantName = "[No Variations]"
Add component (AddParameter): Name = "Manufacturer"; Value = "Vishay"; VariantName = "[No Variations]"
Add component (AddParameter): Name = "Power"; Value = "0.1W"; VariantName = "[No Variations]"
Add component (AddParameter): Name = "Tolerance"; Value = "%1"; VariantName = "[No Variations]"
Add component (AddParameter): Name = "Value"; Value = "10k"; VariantName = "[No Variations]"
Added Component: Designator=R17(RES-0603)
Add component. Clean all parameters for all variants
Add component (AddParameter): Name = "Component Type"; Value = "Chip Resistor"; VariantName = "[No Variations]"
Add component (AddParameter): Name = "Man Code"; Value = "CRCW060310K0FKEA"; VariantName = "[No Variations]"
Add component (AddParameter): Name = "Manufacturer"; Value = "Vishay"; VariantName = "[No Variations]"
Add component (AddParameter): Name = "Power"; Value = "0.1W"; VariantName = "[No Variations]"
Add component (AddParameter): Name = "Tolerance"; Value = "%1"; VariantName = "[No Variations]"
Add component (AddParameter): Name = "Value"; Value = "10k"; VariantName = "[No Variations]"
Added Component: Designator=S1(2.54mm_Push Button)
Add component. Clean all parameters for all variants
Add component (AddParameter): Name = "Component Type"; Value = "Push Button"; VariantName = "[No Variations]"
Added Component: Designator=TP1(0.8mm Test Point)
Add component. Clean all parameters for all variants
Add component (AddParameter): Name = "Component Type"; Value = "Test Point"; VariantName = "[No Variations]"
Added Component: Designator=TP2(0.8mm Test Point)
Add component. Clean all parameters for all variants
Add component (AddParameter): Name = "Component Type"; Value = "Test Point"; VariantName = "[No Variations]"
Added Component: Designator=TP3(0.8mm Test Point)
Add component. Clean all parameters for all variants
Add component (AddParameter): Name = "Component Type"; Value = "Test Point"; VariantName = "[No Variations]"
Added Component: Designator=TP4(0.8mm Test Point)
Add component. Clean all parameters for all variants
Add component (AddParameter): Name = "Component Type"; Value = "Test Point"; VariantName = "[No Variations]"
Added Component: Designator=U1(LQFP64)
Add component. Clean all parameters for all variants
Add component (AddParameter): Name = "Component Type"; Value = "Microcontroller"; VariantName = "[No Variations]"
Add component (AddParameter): Name = "Man Code"; Value = "STM32F215RG"; VariantName = "[No Variations]"
Add component (AddParameter): Name = "Manufacturer"; Value = "STM"; VariantName = "[No Variations]"
Add component (AddParameter): Name = "Number of Bits"; Value = "32"; VariantName = "[No Variations]"
Add component (AddParameter): Name = "Number of I/O"; Value = "51"; VariantName = "[No Variations]"
Add component (AddParameter): Name = "Program Memory Size"; Value = "1 MB"; VariantName = "[No Variations]"
Add component (AddParameter): Name = "Speed"; Value = "120 mHz"; VariantName = "[No Variations]"
Add component (AddParameter): Name = "Supply Voltage"; Value = "1.8V-3.6V"; VariantName = "[No Variations]"
Added Component: Designator=U2(SOIC-8)
Add component. Clean all parameters for all variants
Add component (AddParameter): Name = "Component Type"; Value = "CAN-BUS Transreceiver"; VariantName = "[No Variations]"
Add component (AddParameter): Name = "Man Code"; Value = "SN65HVD230"; VariantName = "[No Variations]"
Add component (AddParameter): Name = "Manufacturer"; Value = "TI"; VariantName = "[No Variations]"
Added Component: Designator=U3(SOIC-16)
Add component. Clean all parameters for all variants
Add component (AddParameter): Name = "Component Type"; Value = "IC Driver"; VariantName = "[No Variations]"
Add component (AddParameter): Name = "Data Rate"; Value = "250kbps"; VariantName = "[No Variations]"
Add component (AddParameter): Name = "Man Code"; Value = "MAX3232IDWR"; VariantName = "[No Variations]"
Add component (AddParameter): Name = "Manufacturer"; Value = "Texas"; VariantName = "[No Variations]"
Add component (AddParameter): Name = "Supply Voltage"; Value = "3V to 5V"; VariantName = "[No Variations]"
Added Component: Designator=U4(SOT-223)
Add component. Clean all parameters for all variants
Add component (AddParameter): Name = "Componenet Type"; Value = "Regulator"; VariantName = "[No Variations]"
Add component (AddParameter): Name = "Man Code"; Value = "AMS1117-3.3"; VariantName = "[No Variations]"
Add component (AddParameter): Name = "Manufacturer"; Value = "Monolithic"; VariantName = "[No Variations]"
Add component (AddParameter): Name = "Output Current"; Value = "1A"; VariantName = "[No Variations]"
Add component (AddParameter): Name = "Output Voltage"; Value = "3.3V"; VariantName = "[No Variations]"
Added Component: Designator=U5(SOT-563)
Add component. Clean all parameters for all variants
Add component (AddParameter): Name = "Component Type"; Value = "Switcher"; VariantName = "[No Variations]"
Add component (AddParameter): Name = "Man Code"; Value = "TPS562202DRLR"; VariantName = "[No Variations]"
Add component (AddParameter): Name = "Manufacturer"; Value = "Texas Instruments"; VariantName = "[No Variations]"
Added Component: Designator=U6(SOT23-5)
Add component. Clean all parameters for all variants
Add component (AddParameter): Name = "Component Type"; Value = "LDO"; VariantName = "[No Variations]"
Add component (AddParameter): Name = "Current"; Value = "300mA"; VariantName = "[No Variations]"
Add component (AddParameter): Name = "Man Code"; Value = "TLV70233DBVT"; VariantName = "[No Variations]"
Add component (AddParameter): Name = "Manufacturer"; Value = "TEXAS"; VariantName = "[No Variations]"
Add component (AddParameter): Name = "Voltage"; Value = "3.3V"; VariantName = "[No Variations]"
Added Component: Designator=X1(OSC-THT (11.5*5.00*3.60))
Add component. Clean all parameters for all variants
Add component (AddParameter): Name = "Capacitance"; Value = "16pF"; VariantName = "[No Variations]"
Add component (AddParameter): Name = "Component Type"; Value = "Crystal Oscillator"; VariantName = "[No Variations]"
Add component (AddParameter): Name = "ESR"; Value = "30ohm"; VariantName = "[No Variations]"
Add component (AddParameter): Name = "Frequency Stability"; Value = "50ppm"; VariantName = "[No Variations]"
Add component (AddParameter): Name = "Frequency Tolerance"; Value = "20ppm"; VariantName = "[No Variations]"
Add component (AddParameter): Name = "Man Code"; Value = "AS49S-16M-FC160F3"; VariantName = "[No Variations]"
Add component (AddParameter): Name = "Manufacturer"; Value = "ANSEN"; VariantName = "[No Variations]"
Add component (AddParameter): Name = "Value"; Value = "16Mhz"; VariantName = "[No Variations]"
Added Pin To Net: NetName=+3V3_REF Pin=C8-1
Added Pin To Net: NetName=+3V3_REF Pin=C9-2
Added Pin To Net: NetName=+3V3_REF Pin=C27-1
Added Pin To Net: NetName=+3V3_REF Pin=C28-2
Added Pin To Net: NetName=+3V3_REF Pin=TP4-1
Added Pin To Net: NetName=+3V3_REF Pin=U1-13
Added Pin To Net: NetName=+3V3_REF Pin=U6-5
Added Net: Name=+3V3_REF
Added Pin To Net: NetName=+3V3 Pin=C1-2
Added Pin To Net: NetName=+3V3 Pin=C2-1
Added Pin To Net: NetName=+3V3 Pin=C3-2
Added Pin To Net: NetName=+3V3 Pin=C4-2
Added Pin To Net: NetName=+3V3 Pin=C11-2
Added Pin To Net: NetName=+3V3 Pin=C12-2
Added Pin To Net: NetName=+3V3 Pin=C13-2
Added Pin To Net: NetName=+3V3 Pin=C15-1
Added Pin To Net: NetName=+3V3 Pin=C22-1
Added Pin To Net: NetName=+3V3 Pin=J1-1
Added Pin To Net: NetName=+3V3 Pin=R10-2
Added Pin To Net: NetName=+3V3 Pin=R14-1
Added Pin To Net: NetName=+3V3 Pin=R17-1
Added Pin To Net: NetName=+3V3 Pin=TP2-1
Added Pin To Net: NetName=+3V3 Pin=U1-1
Added Pin To Net: NetName=+3V3 Pin=U1-19
Added Pin To Net: NetName=+3V3 Pin=U1-32
Added Pin To Net: NetName=+3V3 Pin=U1-48
Added Pin To Net: NetName=+3V3 Pin=U1-64
Added Pin To Net: NetName=+3V3 Pin=U2-3
Added Pin To Net: NetName=+3V3 Pin=U3-16
Added Pin To Net: NetName=+3V3 Pin=U4-2
Added Net: Name=+3V3
Added Pin To Net: NetName=+5V Pin=C21-2
Added Pin To Net: NetName=+5V Pin=C23-1
Added Pin To Net: NetName=+5V Pin=C24-2
Added Pin To Net: NetName=+5V Pin=C25-2
Added Pin To Net: NetName=+5V Pin=C26-2
Added Pin To Net: NetName=+5V Pin=L1-2
Added Pin To Net: NetName=+5V Pin=P4-1
Added Pin To Net: NetName=+5V Pin=R13-2
Added Pin To Net: NetName=+5V Pin=R15-2
Added Pin To Net: NetName=+5V Pin=TP1-1
Added Pin To Net: NetName=+5V Pin=U4-1
Added Pin To Net: NetName=+5V Pin=U6-1
Added Pin To Net: NetName=+5V Pin=U6-3
Added Net: Name=+5V
Added Pin To Net: NetName=+12V Pin=C19-2
Added Pin To Net: NetName=+12V Pin=C20-2
Added Pin To Net: NetName=+12V Pin=P3-1
Added Pin To Net: NetName=+12V Pin=R12-2
Added Pin To Net: NetName=+12V Pin=TP3-1
Added Pin To Net: NetName=+12V Pin=U5-1
Added Pin To Net: NetName=+12V Pin=U5-5
Added Net: Name=+12V
Added Pin To Net: NetName=CAN_RX Pin=U2-4
Added Net: Name=CAN_RX
Added Pin To Net: NetName=CAN_TX Pin=U2-1
Added Net: Name=CAN_TX
Added Pin To Net: NetName=CANH Pin=P2-7
Added Pin To Net: NetName=CANH Pin=R6-2
Added Pin To Net: NetName=CANH Pin=U2-6
Added Net: Name=CANH
Added Pin To Net: NetName=CANL Pin=J2-1
Added Pin To Net: NetName=CANL Pin=P2-2
Added Pin To Net: NetName=CANL Pin=U2-7
Added Net: Name=CANL
Added Pin To Net: NetName=GND Pin=C1-1
Added Pin To Net: NetName=GND Pin=C2-2
Added Pin To Net: NetName=GND Pin=C3-1
Added Pin To Net: NetName=GND Pin=C4-1
Added Pin To Net: NetName=GND Pin=C5-2
Added Pin To Net: NetName=GND Pin=C7-1
Added Pin To Net: NetName=GND Pin=C8-2
Added Pin To Net: NetName=GND Pin=C9-1
Added Pin To Net: NetName=GND Pin=C11-1
Added Pin To Net: NetName=GND Pin=C12-1
Added Pin To Net: NetName=GND Pin=C13-1
Added Pin To Net: NetName=GND Pin=C15-2
Added Pin To Net: NetName=GND Pin=C17-2
Added Pin To Net: NetName=GND Pin=C18-2
Added Pin To Net: NetName=GND Pin=C19-1
Added Pin To Net: NetName=GND Pin=C20-1
Added Pin To Net: NetName=GND Pin=C22-2
Added Pin To Net: NetName=GND Pin=C23-2
Added Pin To Net: NetName=GND Pin=C24-1
Added Pin To Net: NetName=GND Pin=C25-1
Added Pin To Net: NetName=GND Pin=C26-1
Added Pin To Net: NetName=GND Pin=C27-2
Added Pin To Net: NetName=GND Pin=C28-1
Added Pin To Net: NetName=GND Pin=C32-1
Added Pin To Net: NetName=GND Pin=C33-1
Added Pin To Net: NetName=GND Pin=D1-2
Added Pin To Net: NetName=GND Pin=D2-2
Added Pin To Net: NetName=GND Pin=D3-2
Added Pin To Net: NetName=GND Pin=D4-2
Added Pin To Net: NetName=GND Pin=D5-2
Added Pin To Net: NetName=GND Pin=D6-2
Added Pin To Net: NetName=GND Pin=J1-5
Added Pin To Net: NetName=GND Pin=P1-4
Added Pin To Net: NetName=GND Pin=P2-3
Added Pin To Net: NetName=GND Pin=P3-2
Added Pin To Net: NetName=GND Pin=P4-4
Added Pin To Net: NetName=GND Pin=P5-1
Added Pin To Net: NetName=GND Pin=R1-2
Added Pin To Net: NetName=GND Pin=R11-1
Added Pin To Net: NetName=GND Pin=R16-1
Added Pin To Net: NetName=GND Pin=S1-1
Added Pin To Net: NetName=GND Pin=U1-12
Added Pin To Net: NetName=GND Pin=U1-18
Added Pin To Net: NetName=GND Pin=U1-63
Added Pin To Net: NetName=GND Pin=U2-2
Added Pin To Net: NetName=GND Pin=U3-15
Added Pin To Net: NetName=GND Pin=U4-3
Added Pin To Net: NetName=GND Pin=U5-3
Added Pin To Net: NetName=GND Pin=U6-2
Added Net: Name=GND
Added Pin To Net: NetName=LED1 Pin=R2-1
Added Pin To Net: NetName=LED1 Pin=U1-55
Added Net: Name=LED1
Added Pin To Net: NetName=LED2 Pin=R3-1
Added Pin To Net: NetName=LED2 Pin=U1-56
Added Net: Name=LED2
Added Pin To Net: NetName=LED3 Pin=R4-1
Added Pin To Net: NetName=LED3 Pin=U1-57
Added Net: Name=LED3
Added Pin To Net: NetName=NetC5_1 Pin=C5-1
Added Pin To Net: NetName=NetC5_1 Pin=U1-5
Added Pin To Net: NetName=NetC5_1 Pin=X1-2
Added Net: Name=NetC5_1
Added Pin To Net: NetName=NetC6_2 Pin=U1-47
Added Net: Name=NetC6_2
Added Pin To Net: NetName=NetC7_2 Pin=C7-2
Added Pin To Net: NetName=NetC7_2 Pin=U1-6
Added Pin To Net: NetName=NetC7_2 Pin=X1-1
Added Net: Name=NetC7_2
Added Pin To Net: NetName=NetC10_2 Pin=U1-31
Added Net: Name=NetC10_2
Added Pin To Net: NetName=NetC14_1 Pin=C14-1
Added Pin To Net: NetName=NetC14_1 Pin=U3-1
Added Net: Name=NetC14_1
Added Pin To Net: NetName=NetC14_2 Pin=C14-2
Added Pin To Net: NetName=NetC14_2 Pin=U3-3
Added Net: Name=NetC14_2
Added Pin To Net: NetName=NetC16_1 Pin=C16-1
Added Pin To Net: NetName=NetC16_1 Pin=U3-4
Added Net: Name=NetC16_1
Added Pin To Net: NetName=NetC16_2 Pin=C16-2
Added Pin To Net: NetName=NetC16_2 Pin=U3-5
Added Net: Name=NetC16_2
Added Pin To Net: NetName=NetC17_1 Pin=C17-1
Added Pin To Net: NetName=NetC17_1 Pin=U3-6
Added Net: Name=NetC17_1
Added Pin To Net: NetName=NetC18_1 Pin=C18-1
Added Pin To Net: NetName=NetC18_1 Pin=U3-2
Added Net: Name=NetC18_1
Added Pin To Net: NetName=NetC21_1 Pin=C21-1
Added Pin To Net: NetName=NetC21_1 Pin=R15-1
Added Pin To Net: NetName=NetC21_1 Pin=R16-2
Added Pin To Net: NetName=NetC21_1 Pin=U5-6
Added Net: Name=NetC21_1
Added Pin To Net: NetName=NetC32_2 Pin=C32-2
Added Pin To Net: NetName=NetC32_2 Pin=U6-4
Added Net: Name=NetC32_2
Added Pin To Net: NetName=NetD1_1 Pin=D1-1
Added Pin To Net: NetName=NetD1_1 Pin=R2-2
Added Net: Name=NetD1_1
Added Pin To Net: NetName=NetD2_1 Pin=D2-1
Added Pin To Net: NetName=NetD2_1 Pin=R3-2
Added Net: Name=NetD2_1
Added Pin To Net: NetName=NetD3_1 Pin=D3-1
Added Pin To Net: NetName=NetD3_1 Pin=R4-2
Added Net: Name=NetD3_1
Added Pin To Net: NetName=NetD4_1 Pin=D4-1
Added Pin To Net: NetName=NetD4_1 Pin=R14-2
Added Net: Name=NetD4_1
Added Pin To Net: NetName=NetD5_1 Pin=D5-1
Added Pin To Net: NetName=NetD5_1 Pin=R12-1
Added Net: Name=NetD5_1
Added Pin To Net: NetName=NetD6_1 Pin=D6-1
Added Pin To Net: NetName=NetD6_1 Pin=R13-1
Added Net: Name=NetD6_1
Added Pin To Net: NetName=NetJ2_2 Pin=J2-2
Added Pin To Net: NetName=NetJ2_2 Pin=R6-1
Added Net: Name=NetJ2_2
Added Pin To Net: NetName=NetL1_1 Pin=L1-1
Added Pin To Net: NetName=NetL1_1 Pin=U5-2
Added Pin To Net: NetName=NetL1_1 Pin=U5-4
Added Net: Name=NetL1_1
Added Pin To Net: NetName=NetP5_2 Pin=P5-2
Added Pin To Net: NetName=NetP5_2 Pin=R11-2
Added Pin To Net: NetName=NetP5_2 Pin=U2-5
Added Net: Name=NetP5_2
Added Pin To Net: NetName=NetP5_3 Pin=P5-3
Added Pin To Net: NetName=NetP5_3 Pin=R10-1
Added Net: Name=NetP5_3
Added Pin To Net: NetName=NetR1_1 Pin=R1-1
Added Pin To Net: NetName=NetR1_1 Pin=U1-60
Added Net: Name=NetR1_1
Added Pin To Net: NetName=NetR5_2 Pin=R5-2
Added Pin To Net: NetName=NetR5_2 Pin=U3-14
Added Net: Name=NetR5_2
Added Pin To Net: NetName=NetR7_2 Pin=R7-2
Added Pin To Net: NetName=NetR7_2 Pin=U3-7
Added Net: Name=NetR7_2
Added Pin To Net: NetName=NetR8_2 Pin=R8-2
Added Pin To Net: NetName=NetR8_2 Pin=U3-12
Added Net: Name=NetR8_2
Added Pin To Net: NetName=NetR9_2 Pin=R9-2
Added Pin To Net: NetName=NetR9_2 Pin=U3-9
Added Net: Name=NetR9_2
Added Pin To Net: NetName=NEXTION_RX Pin=P4-2
Added Pin To Net: NetName=NEXTION_RX Pin=U1-29
Added Net: Name=NEXTION_RX
Added Pin To Net: NetName=NEXTION_TX Pin=P4-3
Added Pin To Net: NetName=NEXTION_TX Pin=U1-30
Added Net: Name=NEXTION_TX
Added Pin To Net: NetName=NRST Pin=C33-2
Added Pin To Net: NetName=NRST Pin=R17-2
Added Pin To Net: NetName=NRST Pin=S1-2
Added Pin To Net: NetName=NRST Pin=U1-7
Added Net: Name=NRST
Added Pin To Net: NetName=RS232_RX1 Pin=P1-3
Added Pin To Net: NetName=RS232_RX1 Pin=R8-1
Added Net: Name=RS232_RX1
Added Pin To Net: NetName=RS232_RX2 Pin=P1-8
Added Pin To Net: NetName=RS232_RX2 Pin=R9-1
Added Net: Name=RS232_RX2
Added Pin To Net: NetName=RS232_TX1 Pin=P1-2
Added Pin To Net: NetName=RS232_TX1 Pin=R5-1
Added Net: Name=RS232_TX1
Added Pin To Net: NetName=RS232_TX2 Pin=P1-9
Added Pin To Net: NetName=RS232_TX2 Pin=R7-1
Added Net: Name=RS232_TX2
Added Pin To Net: NetName=RX1_IN Pin=U1-42
Added Pin To Net: NetName=RX1_IN Pin=U3-13
Added Net: Name=RX1_IN
Added Pin To Net: NetName=RX2_IN Pin=U1-17
Added Pin To Net: NetName=RX2_IN Pin=U3-8
Added Net: Name=RX2_IN
Added Pin To Net: NetName=SPEED_SENSE Pin=U1-34
Added Net: Name=SPEED_SENSE
Added Pin To Net: NetName=SWCLK Pin=J1-3
Added Pin To Net: NetName=SWCLK Pin=U1-49
Added Net: Name=SWCLK
Added Pin To Net: NetName=SWDIO Pin=J1-2
Added Net: Name=SWDIO
Added Pin To Net: NetName=SWO Pin=J1-4
Added Pin To Net: NetName=SWO Pin=U1-54
Added Net: Name=SWO
Added Pin To Net: NetName=TX1_IN Pin=U1-43
Added Pin To Net: NetName=TX1_IN Pin=U3-11
Added Net: Name=TX1_IN
Added Pin To Net: NetName=TX2_IN Pin=U3-10
Added Net: Name=TX2_IN
Added Pin To Net: NetName=VIOUT Pin=U1-15
Added Net: Name=VIOUT
Added Class: Name=Connectors
Added Class: Name=MCU
Added Class: Name=Peripheral
Added Class: Name=Power
Added Room: Name=Connectors
Added Room: Name=MCU
Added Room: Name=Peripheral
Added Room: Name=Power
